<?xml version="1.0" encoding="UTF-8"?>
<trace:TraceModel xmi:version="2.0"
    xmlns:xmi="http://www.omg.org/XMI"
    xmlns:trace="http://www.eclipse.org/gmf/2006/Trace">
  <nodeTraces
      visualID="2001"
      queryText="(let _eClass_:ecore::EClass = modelFacet.metaClass.ecoreClass in _eClass_.ePackage.nsURI = 'http://org.pnml.tools/epnk/pnmlcoremodel' and _eClass_.name = 'Place') and (let _containmentMF_:ecore::EStructuralFeature = modelFacet.containmentMetaFeature.ecoreFeature in (let _eClass_:ecore::EClass = _containmentMF_.eContainingClass in _eClass_.ePackage.nsURI = 'http://org.pnml.tools/epnk/pnmlcoremodel' and _eClass_.name = 'Page') and _containmentMF_.name = 'object')"/>
  <nodeTraces
      visualID="2002"
      queryText="(let _eClass_:ecore::EClass = modelFacet.metaClass.ecoreClass in _eClass_.ePackage.nsURI = 'http://org.pnml.tools/epnk/pnmlcoremodel' and _eClass_.name = 'RefPlace') and (let _containmentMF_:ecore::EStructuralFeature = modelFacet.containmentMetaFeature.ecoreFeature in (let _eClass_:ecore::EClass = _containmentMF_.eContainingClass in _eClass_.ePackage.nsURI = 'http://org.pnml.tools/epnk/pnmlcoremodel' and _eClass_.name = 'Page') and _containmentMF_.name = 'object')"/>
  <nodeTraces
      visualID="2003"
      queryText="(let _eClass_:ecore::EClass = modelFacet.metaClass.ecoreClass in _eClass_.ePackage.nsURI = 'http://org.pnml.tools/epnk/pnmlcoremodel' and _eClass_.name = 'Transition') and (let _containmentMF_:ecore::EStructuralFeature = modelFacet.containmentMetaFeature.ecoreFeature in (let _eClass_:ecore::EClass = _containmentMF_.eContainingClass in _eClass_.ePackage.nsURI = 'http://org.pnml.tools/epnk/pnmlcoremodel' and _eClass_.name = 'Page') and _containmentMF_.name = 'object')"/>
  <nodeTraces
      visualID="2004"
      queryText="(let _eClass_:ecore::EClass = modelFacet.metaClass.ecoreClass in _eClass_.ePackage.nsURI = 'http://org.pnml.tools/epnk/pnmlcoremodel' and _eClass_.name = 'Page') and (let _containmentMF_:ecore::EStructuralFeature = modelFacet.containmentMetaFeature.ecoreFeature in (let _eClass_:ecore::EClass = _containmentMF_.eContainingClass in _eClass_.ePackage.nsURI = 'http://org.pnml.tools/epnk/pnmlcoremodel' and _eClass_.name = 'Page') and _containmentMF_.name = 'object')"/>
  <nodeTraces
      visualID="2005"
      queryText="(let _eClass_:ecore::EClass = modelFacet.metaClass.ecoreClass in _eClass_.ePackage.nsURI = 'http://org.pnml.tools/epnk/pnmlcoremodel' and _eClass_.name = 'RefTransition') and (let _containmentMF_:ecore::EStructuralFeature = modelFacet.containmentMetaFeature.ecoreFeature in (let _eClass_:ecore::EClass = _containmentMF_.eContainingClass in _eClass_.ePackage.nsURI = 'http://org.pnml.tools/epnk/pnmlcoremodel' and _eClass_.name = 'Page') and _containmentMF_.name = 'object')"/>
  <nodeTraces
      visualID="2008"
      queryText="(let _eClass_:ecore::EClass = modelFacet.metaClass.ecoreClass in _eClass_.ePackage.nsURI = 'http://org.pnml.tools/epnk/pnmlcoremodel' and _eClass_.name = 'PageLabelProxy') and (let _containmentMF_:ecore::EStructuralFeature = modelFacet.containmentMetaFeature.ecoreFeature in (let _eClass_:ecore::EClass = _containmentMF_.eContainingClass in _eClass_.ePackage.nsURI = 'http://org.pnml.tools/epnk/pnmlcoremodel' and _eClass_.name = 'Page') and _containmentMF_.name = 'pageLabelProxy')">
    <nodeLabelTraces
        visualID="5003"
        queryText="true"/>
  </nodeTraces>
  <nodeTraces
      visualID="2009"
      queryText="let _eClass_:ecore::EClass = modelFacet.metaClass.ecoreClass in _eClass_.ePackage.nsURI = 'http://org.pnml.tools/epnk/pnmlcoremodel' and _eClass_.name = 'LabelProxy'">
    <nodeLabelTraces
        visualID="5004"
        queryText="true"/>
  </nodeTraces>
  <linkTraces
      visualID="4001"
      queryText="modelFacet.oclIsKindOf(gmfgen::TypeLinkModelFacet) and (let _eClass_:ecore::EClass = modelFacet.oclAsType(gmfgen::TypeLinkModelFacet).metaClass.ecoreClass in _eClass_.ePackage.nsURI = 'http://org.pnml.tools/epnk/pnmlcoremodel' and _eClass_.name = 'Arc')"/>
  <linkTraces
      visualID="4004"
      queryText="modelFacet.oclIsKindOf(gmfgen::FeatureLinkModelFacet) and (let _feature_:ecore::EStructuralFeature = modelFacet.oclAsType(gmfgen::FeatureLinkModelFacet).metaFeature.ecoreFeature in (let _eClass_:ecore::EClass = _feature_.eContainingClass in _eClass_.ePackage.nsURI = 'http://org.pnml.tools/epnk/pnmlcoremodel' and _eClass_.name = 'LabelProxy') and _feature_.name = 'object')"/>
</trace:TraceModel>
